<?xml version="1.0" encoding="UTF-8"?>
<!-- Generated by org.testng.reporters.JUnitReportReporter -->
<testsuite hostname="DESKTOP-GGFJR1A" failures="0" tests="1" name="run.RunTest" time="35.412" errors="0" timestamp="2022-11-18T10:31:26 COT" skipped="0">
  <testcase classname="run.RunTest" name="runScenario" time="35.412"/>
  <system-out/>
</testsuite> <!-- run.RunTest -->
